<?xml version="1.0" encoding="UTF-8"?>
<!-- Generated by org.testng.reporters.JUnitReportReporter -->
<testsuite hostname="DESKTOP-V45M5B9" failures="0" tests="1" name="ecommerceTestCases.TC_Register_Page" time="19.168" errors="0" timestamp="2023-01-27T19:14:06 IST" skipped="0">
  <testcase classname="ecommerceTestCases.TC_Register_Page" name="TC1" time="19.168"/>
  <system-out/>
</testsuite> <!-- ecommerceTestCases.TC_Register_Page -->
