<?xml version="1.0" encoding="UTF-8"?>
<!-- Generated by org.testng.reporters.JUnitReportReporter -->
<testsuite hostname="DESKTOP-V45M5B9" failures="0" tests="1" name="ecommerceTestCases.TC_AddtoCart" time="32.156" errors="0" timestamp="2023-01-27T19:22:18 IST" skipped="0">
  <testcase classname="ecommerceTestCases.TC_AddtoCart" name="TC" time="32.156"/>
  <system-out/>
</testsuite> <!-- ecommerceTestCases.TC_AddtoCart -->
